\BOOKMARK [0][-]{chapter.1}{The Origin of the Maheshwari Community}{}% 1
\BOOKMARK [0][-]{chapter.2}{Amazing Life-Journey of the Maheshwari Community}{}% 2
\BOOKMARK [0][-]{chapter.3}{Migration from Marwar to Thar}{}% 3
\BOOKMARK [0][-]{chapter.4}{Brief Geography and History of Thar}{}% 4
\BOOKMARK [0][-]{chapter.5}{Infrastructural Necessities of the Community}{}% 5
\BOOKMARK [1][-]{section.5.1}{Dhatki \(Thari\) Language}{chapter.5}% 6
\BOOKMARK [1][-]{section.5.2}{Water}{chapter.5}% 7
\BOOKMARK [1][-]{section.5.3}{Food}{chapter.5}% 8
\BOOKMARK [1][-]{section.5.4}{Clothing}{chapter.5}% 9
\BOOKMARK [1][-]{section.5.5}{Jewelry-Makeup}{chapter.5}% 10
\BOOKMARK [2][-]{subsection.5.5.1}{Golden Jewelry}{section.5.5}% 11
\BOOKMARK [1][-]{section.5.6}{Residence}{chapter.5}% 12
\BOOKMARK [1][-]{section.5.7}{Education}{chapter.5}% 13
\BOOKMARK [1][-]{section.5.8}{Utensils}{chapter.5}% 14
\BOOKMARK [2][-]{subsection.5.8.1}{Regular Usage}{section.5.8}% 15
\BOOKMARK [2][-]{subsection.5.8.2}{For Fetching and Storing Water}{section.5.8}% 16
\BOOKMARK [2][-]{subsection.5.8.3}{For Milk Production and Storage}{section.5.8}% 17
\BOOKMARK [2][-]{subsection.5.8.4}{For Sweets}{section.5.8}% 18
\BOOKMARK [2][-]{subsection.5.8.5}{Large Utensils on Wedding/Funeral Occasions}{section.5.8}% 19
\BOOKMARK [2][-]{subsection.5.8.6}{Clay Utensils}{section.5.8}% 20
\BOOKMARK [2][-]{subsection.5.8.7}{Other Necessary Utensils}{section.5.8}% 21
\BOOKMARK [1][-]{section.5.9}{Bedding}{chapter.5}% 22
\BOOKMARK [1][-]{section.5.10}{Business and Employment}{chapter.5}% 23
\BOOKMARK [1][-]{section.5.11}{Festivals}{chapter.5}% 24
\BOOKMARK [0][-]{chapter.6}{Rituals and Social Traditions}{}% 25
